        -:    0:Source:conta_linhas.c
        -:    0:Graph:conta_linhas.gcno
        -:    0:Data:conta_linhas.gcda
        -:    0:Runs:3
        -:    0:Programs:1
        -:    1:/*EOF*/
        -:    2:/*EOF*/
        -:    3:/*EOF*/
        -:    4:/*EOF*/
        -:    5:/*EOF*/
        -:    6:/*EOF*/
        -:    7:/*EOF*/
        -:    8:/*EOF*/
        -:    9:/*EOF*/
        -:   10:/*EOF*/
        -:   11:/*EOF*/
        -:   12:/*EOF*/
        -:   13:/*EOF*/
        -:   14:/*EOF*/
        -:   15:/*EOF*/
        -:   16:/*EOF*/
        -:   17:/*EOF*/
        -:   18:/*EOF*/
        3:   19:/*EOF*/
        3:   20:/*EOF*/
        3:   21:/*EOF*/
        3:   22:/*EOF*/
        3:   23:/*EOF*/
        -:   24:/*EOF*/
       82:   25:/*EOF*/
       76:   26:/*EOF*/
       15:   27:/*EOF*/
       61:   28:/*EOF*/
       22:   29:/*EOF*/
        -:   30:/*EOF*/
       39:   31:/*EOF*/
        -:   32:/*EOF*/
        -:   33:/*EOF*/
        3:   34:/*EOF*/
        -:   35:/*EOF*/
        -:   36:/*EOF*/
        -:   37:/*EOF*/
        -:   38:/*EOF*/
        -:   39:/*EOF*/
        -:   40:/*EOF*/
        -:   41:/*EOF*/
        -:   42:/*EOF*/
        -:   43:/*EOF*/
        -:   44:/*EOF*/
        -:   45:/*EOF*/
        -:   46:/*EOF*/
        -:   47:/*EOF*/
       76:   48:/*EOF*/
       76:   49:/*EOF*/
        -:   50:/*EOF*/
      268:   51:/*EOF*/
      253:   52:/*EOF*/
       61:   53:/*EOF*/
        -:   54:/*EOF*/
        -:   55:/*EOF*/
        -:   56:/*EOF*/
       15:   57:/*EOF*/
        -:   58:/*EOF*/
        -:   59:/*EOF*/
        -:   60:/*EOF*/
        -:   61:/*EOF*/
        -:   62:/*EOF*/
        -:   63:/*EOF*/
        -:   64:/*EOF*/
        -:   65:/*EOF*/
        -:   66:/*EOF*/
        -:   67:/*EOF*/
        -:   68:/*EOF*/
        -:   69:/*EOF*/
        -:   70:/*EOF*/
        -:   71:/*EOF*/
        -:   72:/*EOF*/
        -:   73:/*EOF*/
        -:   74:/*EOF*/
        -:   75:/*EOF*/
        -:   76:/*EOF*/
        -:   77:/*EOF*/
        -:   78:/*EOF*/
        -:   79:/*EOF*/
        -:   80:/*EOF*/
        -:   81:/*EOF*/
       61:   82:/*EOF*/
       61:   83:/*EOF*/
       61:   84:/*EOF*/
        -:   85:/*EOF*/
       61:   86:/*EOF*/
      298:   87:/*EOF*/
      281:   88:/*EOF*/
        4:   89:/*EOF*/
        -:   90:/*EOF*/
        -:   91:/*EOF*/
       17:   92:/*EOF*/
        -:   93:/*EOF*/
      236:   94:/*EOF*/
      148:   95:/*EOF*/
        -:   96:/*EOF*/
        -:   97:/*EOF*/
       44:   98:/*EOF*/
        7:   99:/*EOF*/
       37:  100:/*EOF*/
        5:  101:/*EOF*/
        -:  102:/*EOF*/
        4:  103:/*EOF*/
        4:  104:/*EOF*/
        -:  105:/*EOF*/
        1:  106:/*EOF*/
        -:  107:/*EOF*/
    #####:  108:/*EOF*/
        -:  109:/*EOF*/
        -:  110:/*EOF*/
       32:  111:/*EOF*/
        -:  112:/*EOF*/
        -:  113:/*EOF*/
        -:  114:/*EOF*/
        -:  115:/*EOF*/
        -:  116:/*EOF*/
        -:  117:/*EOF*/
        -:  118:/*EOF*/
        -:  119:/*EOF*/
        -:  120:/*EOF*/
        -:  121:/*EOF*/
        -:  122:/*EOF*/
        -:  123:/*EOF*/
        -:  124:/*EOF*/
      137:  125:/*EOF*/
      137:  126:/*EOF*/
        -:  127:/*EOF*/
     2772:  128:/*EOF*/
     2498:  129:/*EOF*/
        -:  130:/*EOF*/
      137:  131:/*EOF*/
