        -:    0:Source:main.c
        -:    0:Graph:main.gcno
        -:    0:Data:main.gcda
        -:    0:Runs:3
        -:    0:Programs:1
        -:    1:/*EOF*/
        -:    2:/*EOF*/
        -:    3:/*EOF*/
        -:    4:/*EOF*/
        -:    5:/*EOF*/
        -:    6:/*EOF*/
        -:    7:/*EOF*/
        -:    8:/*EOF*/
        -:    9:/*EOF*/
        -:   10:/*EOF*/
        -:   11:/*EOF*/
        -:   12:/*EOF*/
        -:   13:/*EOF*/
        -:   14:/*EOF*/
        -:   15:/*EOF*/
        -:   16:/*EOF*/
        3:   17:/*EOF*/
        3:   18:/*EOF*/
        3:   19:/*EOF*/
        -:   20:/*EOF*/
        3:   21:/*EOF*/
    #####:   22:/*EOF*/
    #####:   23:/*EOF*/
        -:   24:/*EOF*/
        -:   25:/*EOF*/
        3:   26:/*EOF*/
        -:   27:/*EOF*/
        3:   28:/*EOF*/
        -:   29:/*EOF*/
        3:   30:/*EOF*/
        3:   31:/*EOF*/
